{
  "RSpec": {
    "coverage": {
      "/Users/anirudh/Documents/Workspace/shop/app/helpers/application_helper.rb": [
        1,
        null
      ],
      "/Users/anirudh/Documents/Workspace/shop/app/helpers/categories_helper.rb": [
        1,
        null
      ],
      "/Users/anirudh/Documents/Workspace/shop/app/helpers/item_taxes_helper.rb": [
        1,
        null
      ],
      "/Users/anirudh/Documents/Workspace/shop/app/helpers/items_helper.rb": [
        1,
        null
      ],
      "/Users/anirudh/Documents/Workspace/shop/app/controllers/categories_controller.rb": [
        1,
        null,
        1,
        null,
        1,
        1,
        null,
        null,
        1,
        1,
        null,
        null,
        1,
        null,
        null,
        1,
        2,
        null,
        2,
        2,
        4,
        null,
        0,
        0,
        null,
        null,
        null,
        null,
        1,
        2,
        2,
        4,
        null,
        0,
        0,
        null,
        null,
        null,
        null,
        1,
        1,
        1,
        2,
        null,
        0,
        null,
        null,
        null,
        null,
        null,
        1,
        null,
        1,
        4,
        null,
        null,
        1,
        4,
        null,
        null
      ],
      "/Users/anirudh/Documents/Workspace/shop/app/controllers/application_controller.rb": [
        1,
        1,
        null
      ],
      "/Users/anirudh/Documents/Workspace/shop/app/controllers/item_taxes_controller.rb": [
        1,
        null,
        1,
        1,
        null,
        1,
        1,
        null,
        null,
        null,
        1,
        1,
        null,
        null,
        1,
        2,
        null,
        2,
        2,
        4,
        null,
        0,
        0,
        null,
        null,
        null,
        null,
        1,
        0,
        0,
        0,
        null,
        0,
        null,
        null,
        null,
        null,
        null,
        1,
        null,
        1,
        4,
        null,
        null,
        1,
        0,
        null,
        null,
        1,
        2,
        null,
        null
      ],
      "/Users/anirudh/Documents/Workspace/shop/app/controllers/items_controller.rb": [
        1,
        null,
        1,
        1,
        null,
        1,
        1,
        1,
        null,
        null,
        1,
        1,
        null,
        null,
        1,
        2,
        null,
        2,
        2,
        4,
        2,
        null,
        0,
        0,
        null,
        null,
        null,
        null,
        1,
        0,
        0,
        0,
        null,
        0,
        null,
        null,
        null,
        null,
        1,
        null,
        1,
        3,
        null,
        null,
        1,
        0,
        null,
        null,
        1,
        2,
        null,
        null,
        1,
        3,
        null,
        null
      ],
      "/Users/anirudh/Documents/Workspace/shop/app/models/category.rb": [
        1,
        1,
        null,
        1,
        null
      ],
      "/Users/anirudh/Documents/Workspace/shop/app/models/application_record.rb": [
        1,
        1,
        null
      ],
      "/Users/anirudh/Documents/Workspace/shop/app/models/item.rb": [
        1,
        1,
        1,
        null,
        1,
        null,
        1,
        null,
        null,
        1,
        3,
        null,
        null,
        1,
        1,
        null,
        null
      ],
      "/Users/anirudh/Documents/Workspace/shop/app/models/item_tax.rb": [
        1,
        1,
        null,
        null,
        null,
        1,
        1,
        1,
        1,
        null,
        1,
        11,
        null,
        null
      ],
      "/Users/anirudh/Documents/Workspace/shop/app/channels/application_cable/channel.rb": [
        0,
        0,
        0,
        0
      ],
      "/Users/anirudh/Documents/Workspace/shop/app/channels/application_cable/connection.rb": [
        0,
        0,
        0,
        0
      ],
      "/Users/anirudh/Documents/Workspace/shop/app/jobs/application_job.rb": [
        0,
        0
      ],
      "/Users/anirudh/Documents/Workspace/shop/app/mailers/application_mailer.rb": [
        0,
        0,
        0,
        0
      ]
    },
    "timestamp": 1533824403
  }
}
